{
  "0 debug pnpm:scope": {
    "selected": 1
  },
  "1 error pnpm": {
    "errno": 1,
    "code": "ELIFECYCLE",
    "pkgid": "uni-preset-vue@0.0.0",
    "stage": "dev:mp-weixin",
    "script": "uni -p mp-weixin",
    "pkgname": "uni-preset-vue",
    "err": {
      "name": "pnpm",
      "message": "uni-preset-vue@0.0.0 dev:mp-weixin: `uni -p mp-weixin`\nExit status 1",
      "code": "ELIFECYCLE",
      "stack": "pnpm: uni-preset-vue@0.0.0 dev:mp-weixin: `uni -p mp-weixin`\nExit status 1\n    at EventEmitter.<anonymous> (C:\\Users\\13695\\AppData\\Roaming\\npm\\pnpm-global\\5\\node_modules\\.pnpm\\pnpm@7.3.0\\node_modules\\pnpm\\dist\\pnpm.cjs:108415:20)\n    at EventEmitter.emit (node:events:527:28)\n    at ChildProcess.<anonymous> (C:\\Users\\13695\\AppData\\Roaming\\npm\\pnpm-global\\5\\node_modules\\.pnpm\\pnpm@7.3.0\\node_modules\\pnpm\\dist\\pnpm.cjs:94981:18)\n    at ChildProcess.emit (node:events:527:28)\n    at maybeClose (node:internal/child_process:1092:16)\n    at Process.ChildProcess._handle.onexit (node:internal/child_process:302:5)"
    }
  },
  "2 warn pnpm:global": " Local package.json exists, but node_modules missing, did you mean to install?"
}